#
# A fatal error has been detected by the Java Runtime Environment:
#
#  SIGBUS (0xa) at pc=0x000000010485ee92, pid=79862, tid=0x0000000000004f07
#
# JRE version: Java(TM) SE Runtime Environment (8.0_92-b14) (build 1.8.0_92-b14)
# Java VM: Java HotSpot(TM) 64-Bit Server VM (25.92-b14 mixed mode bsd-amd64 compressed oops)
# Problematic frame:
# C  [libzip.dylib+0x2e92]  newEntry+0x154
#
# Failed to write core dump. Core dumps have been disabled. To enable core dumping, try "ulimit -c unlimited" before starting Java again
#
# If you would like to submit a bug report, please visit:
#   http://bugreport.java.com/bugreport/crash.jsp
# The crash happened outside the Java Virtual Machine in native code.
# See problematic frame for where to report the bug.
#

---------------  T H R E A D  ---------------

Current thread (0x00007fc8071d8800):  JavaThread "pool-1-thread-1" [_thread_in_native, id=20231, stack(0x0000700003e97000,0x0000700003f97000)]

siginfo: si_signo: 10 (SIGBUS), si_code: 2 (BUS_ADRERR), si_addr: 0x0000000121e12d75

Registers:
RAX=0x00007fc80470b590, RBX=0x0000000121e12d69, RCX=0x0000000000000001, RDX=0x0000000000000500
RSP=0x0000700003f93e40, RBP=0x0000700003f93ea0, RSI=0x0000000000000020, RDI=0x00000000000005f3
R8 =0x0000000000000048, R9 =0x00007fc80465f200, R10=0x00000000ffffffe0, R11=0x00006ff8964f77ee
R12=0x00007fc805817000, R13=0x0000000000001250, R14=0x00000000761f2d93, R15=0x00007fc804586960
RIP=0x000000010485ee92, EFLAGS=0x0000000000010206, ERR=0x0000000000000004
  TRAPNO=0x000000000000000e

Top of Stack: (sp=0x0000700003f93e40)
0x0000700003f93e40:   0000700003f93e70 000000000544bcb6
0x0000700003f93e50:   0000700003f93e80 00000001096d8e3d
0x0000700003f93e60:   0000700003f93e80 00007fc80470b590
0x0000700003f93e70:   00007fc80465f200 00007fc80470b590
0x0000700003f93e80:   00007fc805817000 0000000000001250
0x0000700003f93e90:   00000000761f2d93 00007fc804586960
0x0000700003f93ea0:   0000700003f93f00 000000010485f52d
0x0000700003f93eb0:   0000700003f93f4d 0000700003f93f4c
0x0000700003f93ec0:   0000002d00000000 0000002e011d8800
0x0000700003f93ed0:   0000700003f93f1e 0000700003f94368
0x0000700003f93ee0:   000000000000002e 0000700003f93f1e
0x0000700003f93ef0:   00007fc80470b590 00007fc8071d89f8
0x0000700003f93f00:   0000700003f94350 000000010485e238
0x0000700003f93f10:   0000700003f946a0 6f637fc800000001
0x0000700003f93f20:   696f72646e612f6d 7865642f78642f64
0x0000700003f93f30:   65442f656c69662f 456f666e49677562
0x0000700003f93f40:   632e7265646f636e 000000007373616c
0x0000700003f93f50:   0000700003f93f80 0000000cc0071b60
0x0000700003f93f60:   0000700003f95f80 0000700003f95f84
0x0000700003f93f70:   0000700003f93fc0 00000001054495d5
0x0000700003f93f80:   0000700003f93fd0 00007fffc1e9a438
0x0000700003f93f90:   0000700003f94158 00007fc8071d8800
0x0000700003f93fa0:   0000700003f94138 0000000000000000
0x0000700003f93fb0:   00007fffc1ee2680 0000000000000000
0x0000700003f93fc0:   000000010580ed0a 0000000000000036
0x0000700003f93fd0:   0000700003f943c0 00007fffc1ea498b
0x0000700003f93fe0:   000000076da9c2a8 00000001096a5279
0x0000700003f93ff0:   000000076da9c290 00007fc8071d8800
0x0000700003f94000:   0000002e03f96400 000000010a0ef94c
0x0000700003f94010:   000000010a0ef6d0 0000000100000000
0x0000700003f94020:   00007000981ff27e 000000076da9c290
0x0000700003f94030:   0000700003f947c0 00007fc8071d8800 

Instructions: (pc=0x000000010485ee92)
0x000000010485ee72:   49 8b 7f 38 e8 5b 1b 00 00 4d 89 77 38 49 89 5f
0x000000010485ee82:   40 4c 89 f0 48 85 c0 0f 84 11 05 00 00 48 89 c3
0x000000010485ee92:   0f b6 43 0c 0f b6 4b 0d 48 c1 e1 08 48 01 c1 0f
0x000000010485eea2:   b6 43 0e 0f b6 53 0f 48 c1 e2 08 48 01 c2 48 c1 

Register to memory mapping:

RAX=0x00007fc80470b590 is an unknown value
RBX=0x0000000121e12d69 is an unknown value
RCX=0x0000000000000001 is an unknown value
RDX=0x0000000000000500 is an unknown value
RSP=0x0000700003f93e40 is pointing into the stack for thread: 0x00007fc8071d8800
RBP=0x0000700003f93ea0 is pointing into the stack for thread: 0x00007fc8071d8800
RSI=0x0000000000000020 is an unknown value
RDI=0x00000000000005f3 is an unknown value
R8 =0x0000000000000048 is an unknown value
R9 =0x00007fc80465f200 is an unknown value
R10=0x00000000ffffffe0 is an unknown value
R11=0x00006ff8964f77ee is an unknown value
R12=0x00007fc805817000 is an unknown value
R13=0x0000000000001250 is an unknown value
R14=0x00000000761f2d93 is an unknown value
R15=0x00007fc804586960 is an unknown value


Stack: [0x0000700003e97000,0x0000700003f97000],  sp=0x0000700003f93e40,  free space=1011k
Native frames: (J=compiled Java code, j=interpreted, Vv=VM code, C=native code)
C  [libzip.dylib+0x2e92]  newEntry+0x154
C  [libzip.dylib+0x352d]  ZIP_GetEntry2+0xd4
C  [libzip.dylib+0x2238]  Java_java_util_zip_ZipFile_getEntry+0xcf
J 229  java.util.zip.ZipFile.getEntry(J[BZ)J (0 bytes) @ 0x00000001096e05ce [0x00000001096e0500+0xce]
J 239 C1 java.util.zip.ZipFile.getEntry(Ljava/lang/String;)Ljava/util/zip/ZipEntry; (86 bytes) @ 0x00000001096e9d8c [0x00000001096e9b20+0x26c]
J 78 C1 sun.misc.URLClassPath$JarLoader.getResource(Ljava/lang/String;Z)Lsun/misc/Resource; (85 bytes) @ 0x0000000109688d9c [0x00000001096889e0+0x3bc]
J 373 C1 sun.misc.URLClassPath.getResource(Ljava/lang/String;Z)Lsun/misc/Resource; (83 bytes) @ 0x000000010973926c [0x0000000109739100+0x16c]
J 376 C1 java.net.URLClassLoader$1.run()Ljava/lang/Class; (63 bytes) @ 0x00000001097480ac [0x0000000109747ea0+0x20c]
J 375 C1 java.net.URLClassLoader$1.run()Ljava/lang/Object; (5 bytes) @ 0x000000010974660c [0x0000000109746580+0x8c]
v  ~StubRoutines::call_stub
V  [libjvm.dylib+0x2ecc9a]  JavaCalls::call_helper(JavaValue*, methodHandle*, JavaCallArguments*, Thread*)+0x6ae
V  [libjvm.dylib+0x34d430]  JVM_DoPrivileged+0x4b8
J 374  java.security.AccessController.doPrivileged(Ljava/security/PrivilegedExceptionAction;Ljava/security/AccessControlContext;)Ljava/lang/Object; (0 bytes) @ 0x00000001097462d5 [0x0000000109746200+0xd5]
J 262 C1 java.net.URLClassLoader.findClass(Ljava/lang/String;)Ljava/lang/Class; (47 bytes) @ 0x00000001096f90d4 [0x00000001096f8f40+0x194]
J 213 C1 java.lang.ClassLoader.loadClass(Ljava/lang/String;Z)Ljava/lang/Class; (122 bytes) @ 0x00000001096d7724 [0x00000001096d6dc0+0x964]
J 437 C1 sun.misc.Launcher$AppClassLoader.loadClass(Ljava/lang/String;Z)Ljava/lang/Class; (85 bytes) @ 0x0000000109778d64 [0x00000001097783c0+0x9a4]
J 436 C1 java.lang.ClassLoader.loadClass(Ljava/lang/String;)Ljava/lang/Class; (7 bytes) @ 0x0000000109776e04 [0x0000000109776d00+0x104]
v  ~StubRoutines::call_stub
V  [libjvm.dylib+0x2ecc9a]  JavaCalls::call_helper(JavaValue*, methodHandle*, JavaCallArguments*, Thread*)+0x6ae
V  [libjvm.dylib+0x2ed428]  JavaCalls::call_virtual(JavaValue*, KlassHandle, Symbol*, Symbol*, JavaCallArguments*, Thread*)+0x164
V  [libjvm.dylib+0x2ed580]  JavaCalls::call_virtual(JavaValue*, Handle, KlassHandle, Symbol*, Symbol*, Handle, Thread*)+0x56
V  [libjvm.dylib+0x5363c0]  SystemDictionary::load_instance_class(Symbol*, Handle, Thread*)+0x2d8
V  [libjvm.dylib+0x535b59]  SystemDictionary::resolve_instance_class_or_null(Symbol*, Handle, Handle, Thread*)+0x48f
V  [libjvm.dylib+0x5365dc]  SystemDictionary::resolve_or_null(Symbol*, Handle, Handle, Thread*)+0x106
V  [libjvm.dylib+0x536c59]  SystemDictionary::resolve_or_fail(Symbol*, Handle, Handle, bool, Thread*)+0x31
V  [libjvm.dylib+0x1e278a]  ConstantPool::klass_at_impl(constantPoolHandle, int, Thread*)+0x2ee
V  [libjvm.dylib+0x1f2bb6]  ConstantPool::klass_at(int, Thread*)+0x92
V  [libjvm.dylib+0x2e86d7]  InterpreterRuntime::_new(JavaThread*, ConstantPool*, int)+0x2d
j  com.android.dx.dex.file.DebugInfoItem.encode0(Lcom/android/dx/dex/file/DexFile;Ljava/lang/String;Ljava/io/PrintWriter;Lcom/android/dx/util/AnnotatedOutput;Z)[B+41
j  com.android.dx.dex.file.DebugInfoItem.encode(Lcom/android/dx/dex/file/DexFile;Ljava/lang/String;Ljava/io/PrintWriter;Lcom/android/dx/util/AnnotatedOutput;Z)[B+8
j  com.android.dx.dex.file.DebugInfoItem.place0(Lcom/android/dx/dex/file/Section;I)V+10
J 3011 C1 com.android.dx.dex.file.OffsettedItem.place(Lcom/android/dx/dex/file/Section;I)I (78 bytes) @ 0x000000010a0ef94c [0x000000010a0ef880+0xcc]
J 3338 C1 com.android.dx.dex.file.MixedItemSection.placeItems()V (185 bytes) @ 0x000000010a283a94 [0x000000010a283400+0x694]
j  com.android.dx.dex.file.DexFile.toDex0(ZZ)Lcom/android/dx/util/ByteArrayAnnotatedOutput;+195
j  com.android.dx.dex.file.DexFile.toDex(Ljava/io/Writer;Z)[B+13
j  com.android.dx.command.dexer.Main.writeDex(Lcom/android/dx/dex/file/DexFile;)[B+44
j  com.android.dx.command.dexer.Main.access$3000(Lcom/android/dx/dex/file/DexFile;)[B+1
j  com.android.dx.command.dexer.Main$DexWriter.call()[B+4
j  com.android.dx.command.dexer.Main$DexWriter.call()Ljava/lang/Object;+1
J 2271 C1 java.util.concurrent.FutureTask.run()V (126 bytes) @ 0x0000000109cdceac [0x0000000109cdcdc0+0xec]
j  java.util.concurrent.ThreadPoolExecutor.runWorker(Ljava/util/concurrent/ThreadPoolExecutor$Worker;)V+95
j  java.util.concurrent.ThreadPoolExecutor$Worker.run()V+5
j  java.lang.Thread.run()V+11
v  ~StubRoutines::call_stub
V  [libjvm.dylib+0x2ecc9a]  JavaCalls::call_helper(JavaValue*, methodHandle*, JavaCallArguments*, Thread*)+0x6ae
V  [libjvm.dylib+0x2ed428]  JavaCalls::call_virtual(JavaValue*, KlassHandle, Symbol*, Symbol*, JavaCallArguments*, Thread*)+0x164
V  [libjvm.dylib+0x2ed5d4]  JavaCalls::call_virtual(JavaValue*, Handle, KlassHandle, Symbol*, Symbol*, Thread*)+0x4a
V  [libjvm.dylib+0x347dbd]  thread_entry(JavaThread*, Thread*)+0x7c
V  [libjvm.dylib+0x564c57]  JavaThread::thread_main_inner()+0x9b
V  [libjvm.dylib+0x566344]  JavaThread::run()+0x1c2
V  [libjvm.dylib+0x485bbe]  java_start(Thread*)+0xf6
C  [libsystem_pthread.dylib+0x3aab]  _pthread_body+0xb4
C  [libsystem_pthread.dylib+0x39f7]  _pthread_body+0x0
C  [libsystem_pthread.dylib+0x3221]  thread_start+0xd
C  0x0000000000000000

Java frames: (J=compiled Java code, j=interpreted, Vv=VM code)
J 229  java.util.zip.ZipFile.getEntry(J[BZ)J (0 bytes) @ 0x00000001096e0558 [0x00000001096e0500+0x58]
J 239 C1 java.util.zip.ZipFile.getEntry(Ljava/lang/String;)Ljava/util/zip/ZipEntry; (86 bytes) @ 0x00000001096e9d8c [0x00000001096e9b20+0x26c]
J 78 C1 sun.misc.URLClassPath$JarLoader.getResource(Ljava/lang/String;Z)Lsun/misc/Resource; (85 bytes) @ 0x0000000109688d9c [0x00000001096889e0+0x3bc]
J 373 C1 sun.misc.URLClassPath.getResource(Ljava/lang/String;Z)Lsun/misc/Resource; (83 bytes) @ 0x000000010973926c [0x0000000109739100+0x16c]
J 376 C1 java.net.URLClassLoader$1.run()Ljava/lang/Class; (63 bytes) @ 0x00000001097480ac [0x0000000109747ea0+0x20c]
J 375 C1 java.net.URLClassLoader$1.run()Ljava/lang/Object; (5 bytes) @ 0x000000010974660c [0x0000000109746580+0x8c]
v  ~StubRoutines::call_stub
J 374  java.security.AccessController.doPrivileged(Ljava/security/PrivilegedExceptionAction;Ljava/security/AccessControlContext;)Ljava/lang/Object; (0 bytes) @ 0x0000000109746263 [0x0000000109746200+0x63]
J 262 C1 java.net.URLClassLoader.findClass(Ljava/lang/String;)Ljava/lang/Class; (47 bytes) @ 0x00000001096f90d4 [0x00000001096f8f40+0x194]
J 213 C1 java.lang.ClassLoader.loadClass(Ljava/lang/String;Z)Ljava/lang/Class; (122 bytes) @ 0x00000001096d7724 [0x00000001096d6dc0+0x964]
J 437 C1 sun.misc.Launcher$AppClassLoader.loadClass(Ljava/lang/String;Z)Ljava/lang/Class; (85 bytes) @ 0x0000000109778d64 [0x00000001097783c0+0x9a4]
J 436 C1 java.lang.ClassLoader.loadClass(Ljava/lang/String;)Ljava/lang/Class; (7 bytes) @ 0x0000000109776e04 [0x0000000109776d00+0x104]
v  ~StubRoutines::call_stub
j  com.android.dx.dex.file.DebugInfoItem.encode0(Lcom/android/dx/dex/file/DexFile;Ljava/lang/String;Ljava/io/PrintWriter;Lcom/android/dx/util/AnnotatedOutput;Z)[B+41
j  com.android.dx.dex.file.DebugInfoItem.encode(Lcom/android/dx/dex/file/DexFile;Ljava/lang/String;Ljava/io/PrintWriter;Lcom/android/dx/util/AnnotatedOutput;Z)[B+8
j  com.android.dx.dex.file.DebugInfoItem.place0(Lcom/android/dx/dex/file/Section;I)V+10
J 3011 C1 com.android.dx.dex.file.OffsettedItem.place(Lcom/android/dx/dex/file/Section;I)I (78 bytes) @ 0x000000010a0ef94c [0x000000010a0ef880+0xcc]
J 3338 C1 com.android.dx.dex.file.MixedItemSection.placeItems()V (185 bytes) @ 0x000000010a283a94 [0x000000010a283400+0x694]
j  com.android.dx.dex.file.DexFile.toDex0(ZZ)Lcom/android/dx/util/ByteArrayAnnotatedOutput;+195
j  com.android.dx.dex.file.DexFile.toDex(Ljava/io/Writer;Z)[B+13
j  com.android.dx.command.dexer.Main.writeDex(Lcom/android/dx/dex/file/DexFile;)[B+44
j  com.android.dx.command.dexer.Main.access$3000(Lcom/android/dx/dex/file/DexFile;)[B+1
j  com.android.dx.command.dexer.Main$DexWriter.call()[B+4
j  com.android.dx.command.dexer.Main$DexWriter.call()Ljava/lang/Object;+1
J 2271 C1 java.util.concurrent.FutureTask.run()V (126 bytes) @ 0x0000000109cdceac [0x0000000109cdcdc0+0xec]
j  java.util.concurrent.ThreadPoolExecutor.runWorker(Ljava/util/concurrent/ThreadPoolExecutor$Worker;)V+95
j  java.util.concurrent.ThreadPoolExecutor$Worker.run()V+5
j  java.lang.Thread.run()V+11
v  ~StubRoutines::call_stub

---------------  P R O C E S S  ---------------

Java Threads: ( => current thread )
=>0x00007fc8071d8800 JavaThread "pool-1-thread-1" [_thread_in_native, id=20231, stack(0x0000700003e97000,0x0000700003f97000)]
  0x00007fc805005800 JavaThread "Service Thread" daemon [_thread_blocked, id=18691, stack(0x0000700003c91000,0x0000700003d91000)]
  0x00007fc80602d800 JavaThread "C1 CompilerThread2" daemon [_thread_blocked, id=18179, stack(0x0000700003b8e000,0x0000700003c8e000)]
  0x00007fc806025000 JavaThread "C2 CompilerThread1" daemon [_thread_in_native, id=17667, stack(0x0000700003a8b000,0x0000700003b8b000)]
  0x00007fc805014000 JavaThread "C2 CompilerThread0" daemon [_thread_in_native, id=17155, stack(0x0000700003988000,0x0000700003a88000)]
  0x00007fc80601c800 JavaThread "Signal Dispatcher" daemon [_thread_blocked, id=16643, stack(0x0000700003885000,0x0000700003985000)]
  0x00007fc80484b000 JavaThread "Finalizer" daemon [_thread_blocked, id=12547, stack(0x0000700003782000,0x0000700003882000)]
  0x00007fc80500f800 JavaThread "Reference Handler" daemon [_thread_blocked, id=12035, stack(0x000070000367f000,0x000070000377f000)]
  0x00007fc805006800 JavaThread "main" [_thread_blocked, id=7171, stack(0x000070000306d000,0x000070000316d000)]

Other Threads:
  0x00007fc806014800 VMThread [stack: 0x000070000357c000,0x000070000367c000] [id=11523]
  0x00007fc805035000 WatcherThread [stack: 0x0000700003d94000,0x0000700003e94000] [id=19203]

VM state:not at safepoint (normal execution)

VM Mutex/Monitor currently owned by a thread: None

Heap:
 PSYoungGen      total 644608K, used 129822K [0x000000076ab00000, 0x00000007a0100000, 0x00000007c0000000)
  eden space 511488K, 9% used [0x000000076ab00000,0x000000076dae7940,0x0000000789e80000)
  from space 133120K, 60% used [0x0000000789e80000,0x000000078ed5ff98,0x0000000792080000)
  to   space 136704K, 0% used [0x0000000797b80000,0x0000000797b80000,0x00000007a0100000)
 ParOldGen       total 478720K, used 359448K [0x00000006c0000000, 0x00000006dd380000, 0x000000076ab00000)
  object space 478720K, 75% used [0x00000006c0000000,0x00000006d5f06020,0x00000006dd380000)
 Metaspace       used 6996K, capacity 7608K, committed 7936K, reserved 1056768K
  class space    used 639K, capacity 688K, committed 768K, reserved 1048576K

Card table byte_map: [0x0000000106557000,0x0000000106d58000] byte_map_base: 0x0000000102f57000

Marking Bits: (ParMarkBitMap*) 0x0000000105ae8bd0
 Begin Bits: [0x0000000118556000, 0x000000011c556000)
 End Bits:   [0x000000011c556000, 0x0000000120556000)

Polling page: 0x0000000104852000

CodeCache: size=245760Kb used=13464Kb max_used=13464Kb free=232296Kb
 bounds [0x0000000109556000, 0x000000010a296000, 0x0000000118556000]
 total_blobs=3281 nmethods=3011 adapters=183
 compilation: enabled

Compilation events (10 events):
Event: 49.725 Thread 0x00007fc80602d800 3337 % !   3       com.android.dx.dex.file.MixedItemSection::placeItems @ 72 (185 bytes)
Event: 49.729 Thread 0x00007fc80602d800 nmethod 3337% 0x000000010a258750 code [0x000000010a258b20, 0x000000010a25aa88]
Event: 49.733 Thread 0x00007fc80602d800 3338   !   3       com.android.dx.dex.file.MixedItemSection::placeItems (185 bytes)
Event: 49.740 Thread 0x00007fc80602d800 nmethod 3338 0x000000010a283050 code [0x000000010a283400, 0x000000010a2852c8]
Event: 49.750 Thread 0x00007fc80602d800 3339       2       com.android.dx.dex.file.EncodedArrayItem::itemType (4 bytes)
Event: 49.751 Thread 0x00007fc80602d800 nmethod 3339 0x000000010a25ce10 code [0x000000010a25cf60, 0x000000010a25d0b0]
Event: 49.751 Thread 0x00007fc80602d800 3340       2       com.android.dx.dex.file.DebugInfoItem::itemType (4 bytes)
Event: 49.751 Thread 0x00007fc80602d800 nmethod 3340 0x000000010a25cad0 code [0x000000010a25cc20, 0x000000010a25cd70]
Event: 49.751 Thread 0x00007fc80602d800 3341       1       com.android.dx.dex.file.DebugInfoItem::itemType (4 bytes)
Event: 49.752 Thread 0x00007fc80602d800 nmethod 3341 0x000000010a258490 code [0x000000010a2585e0, 0x000000010a2586f0]

GC Heap History (10 events):
Event: 18.326 GC heap before
{Heap before GC invocations=14 (full 2):
 PSYoungGen      total 524800K, used 73718K [0x000000076ab00000, 0x0000000794680000, 0x00000007c0000000)
  eden space 451072K, 0% used [0x000000076ab00000,0x000000076ab00000,0x0000000786380000)
  from space 73728K, 99% used [0x000000078c580000,0x0000000790d7d880,0x0000000790d80000)
  to   space 100352K, 0% used [0x0000000786380000,0x0000000786380000,0x000000078c580000)
 ParOldGen       total 164352K, used 161640K [0x00000006c0000000, 0x00000006ca080000, 0x000000076ab00000)
  object space 164352K, 98% used [0x00000006c0000000,0x00000006c9dda1b0,0x00000006ca080000)
 Metaspace       used 6624K, capacity 7320K, committed 7680K, reserved 1056768K
  class space    used 619K, capacity 656K, committed 768K, reserved 1048576K
Event: 20.832 GC heap after
Heap after GC invocations=14 (full 2):
 PSYoungGen      total 524800K, used 69400K [0x000000076ab00000, 0x0000000794680000, 0x00000007c0000000)
  eden space 451072K, 0% used [0x000000076ab00000,0x000000076ab00000,0x0000000786380000)
  from space 73728K, 94% used [0x000000078c580000,0x0000000790946090,0x0000000790d80000)
  to   space 100352K, 0% used [0x0000000786380000,0x0000000786380000,0x000000078c580000)
 ParOldGen       total 294400K, used 164106K [0x00000006c0000000, 0x00000006d1f80000, 0x000000076ab00000)
  object space 294400K, 55% used [0x00000006c0000000,0x00000006ca042b70,0x00000006d1f80000)
 Metaspace       used 6624K, capacity 7320K, committed 7680K, reserved 1056768K
  class space    used 619K, capacity 656K, committed 768K, reserved 1048576K
}
Event: 23.887 GC heap before
{Heap before GC invocations=15 (full 2):
 PSYoungGen      total 524800K, used 520472K [0x000000076ab00000, 0x0000000794680000, 0x00000007c0000000)
  eden space 451072K, 100% used [0x000000076ab00000,0x0000000786380000,0x0000000786380000)
  from space 73728K, 94% used [0x000000078c580000,0x0000000790946090,0x0000000790d80000)
  to   space 100352K, 0% used [0x0000000786380000,0x0000000786380000,0x000000078c580000)
 ParOldGen       total 294400K, used 164106K [0x00000006c0000000, 0x00000006d1f80000, 0x000000076ab00000)
  object space 294400K, 55% used [0x00000006c0000000,0x00000006ca042b70,0x00000006d1f80000)
 Metaspace       used 6632K, capacity 7320K, committed 7680K, reserved 1056768K
  class space    used 620K, capacity 656K, committed 768K, reserved 1048576K
Event: 24.535 GC heap after
Heap after GC invocations=15 (full 2):
 PSYoungGen      total 551424K, used 68617K [0x000000076ab00000, 0x0000000798800000, 0x00000007c0000000)
  eden space 451072K, 0% used [0x000000076ab00000,0x000000076ab00000,0x0000000786380000)
  from space 100352K, 68% used [0x0000000786380000,0x000000078a682550,0x000000078c580000)
  to   space 105984K, 0% used [0x0000000792080000,0x0000000792080000,0x0000000798800000)
 ParOldGen       total 294400K, used 233979K [0x00000006c0000000, 0x00000006d1f80000, 0x000000076ab00000)
  object space 294400K, 79% used [0x00000006c0000000,0x00000006ce47ec38,0x00000006d1f80000)
 Metaspace       used 6632K, capacity 7320K, committed 7680K, reserved 1056768K
  class space    used 620K, capacity 656K, committed 768K, reserved 1048576K
}
Event: 27.911 GC heap before
{Heap before GC invocations=16 (full 2):
 PSYoungGen      total 551424K, used 519689K [0x000000076ab00000, 0x0000000798800000, 0x00000007c0000000)
  eden space 451072K, 100% used [0x000000076ab00000,0x0000000786380000,0x0000000786380000)
  from space 100352K, 68% used [0x0000000786380000,0x000000078a682550,0x000000078c580000)
  to   space 105984K, 0% used [0x0000000792080000,0x0000000792080000,0x0000000798800000)
 ParOldGen       total 294400K, used 233979K [0x00000006c0000000, 0x00000006d1f80000, 0x000000076ab00000)
  object space 294400K, 79% used [0x00000006c0000000,0x00000006ce47ec38,0x00000006d1f80000)
 Metaspace       used 6635K, capacity 7320K, committed 7680K, reserved 1056768K
  class space    used 620K, capacity 656K, committed 768K, reserved 1048576K
Event: 28.651 GC heap after
Heap after GC invocations=16 (full 2):
 PSYoungGen      total 617472K, used 105961K [0x000000076ab00000, 0x000000079c480000, 0x00000007c0000000)
  eden space 511488K, 0% used [0x000000076ab00000,0x000000076ab00000,0x0000000789e80000)
  from space 105984K, 99% used [0x0000000792080000,0x00000007987fa408,0x0000000798800000)
  to   space 133120K, 0% used [0x0000000789e80000,0x0000000789e80000,0x0000000792080000)
 ParOldGen       total 294400K, used 258458K [0x00000006c0000000, 0x00000006d1f80000, 0x000000076ab00000)
  object space 294400K, 87% used [0x00000006c0000000,0x00000006cfc66a10,0x00000006d1f80000)
 Metaspace       used 6635K, capacity 7320K, committed 7680K, reserved 1056768K
  class space    used 620K, capacity 656K, committed 768K, reserved 1048576K
}
Event: 28.651 GC heap before
{Heap before GC invocations=17 (full 3):
 PSYoungGen      total 617472K, used 105961K [0x000000076ab00000, 0x000000079c480000, 0x00000007c0000000)
  eden space 511488K, 0% used [0x000000076ab00000,0x000000076ab00000,0x0000000789e80000)
  from space 105984K, 99% used [0x0000000792080000,0x00000007987fa408,0x0000000798800000)
  to   space 133120K, 0% used [0x0000000789e80000,0x0000000789e80000,0x0000000792080000)
 ParOldGen       total 294400K, used 258458K [0x00000006c0000000, 0x00000006d1f80000, 0x000000076ab00000)
  object space 294400K, 87% used [0x00000006c0000000,0x00000006cfc66a10,0x00000006d1f80000)
 Metaspace       used 6635K, capacity 7320K, committed 7680K, reserved 1056768K
  class space    used 620K, capacity 656K, committed 768K, reserved 1048576K
Event: 33.601 GC heap after
Heap after GC invocations=17 (full 3):
 PSYoungGen      total 617472K, used 65786K [0x000000076ab00000, 0x000000079c480000, 0x00000007c0000000)
  eden space 511488K, 0% used [0x000000076ab00000,0x000000076ab00000,0x0000000789e80000)
  from space 105984K, 62% used [0x0000000792080000,0x00000007960bebb0,0x0000000798800000)
  to   space 133120K, 0% used [0x0000000789e80000,0x0000000789e80000,0x0000000792080000)
 ParOldGen       total 478720K, used 294060K [0x00000006c0000000, 0x00000006dd380000, 0x000000076ab00000)
  object space 478720K, 61% used [0x00000006c0000000,0x00000006d1f2b110,0x00000006dd380000)
 Metaspace       used 6635K, capacity 7320K, committed 7680K, reserved 1056768K
  class space    used 620K, capacity 656K, committed 768K, reserved 1048576K
}
Event: 44.184 GC heap before
{Heap before GC invocations=18 (full 3):
 PSYoungGen      total 617472K, used 577274K [0x000000076ab00000, 0x000000079c480000, 0x00000007c0000000)
  eden space 511488K, 100% used [0x000000076ab00000,0x0000000789e80000,0x0000000789e80000)
  from space 105984K, 62% used [0x0000000792080000,0x00000007960bebb0,0x0000000798800000)
  to   space 133120K, 0% used [0x0000000789e80000,0x0000000789e80000,0x0000000792080000)
 ParOldGen       total 478720K, used 294060K [0x00000006c0000000, 0x00000006dd380000, 0x000000076ab00000)
  object space 478720K, 61% used [0x00000006c0000000,0x00000006d1f2b110,0x00000006dd380000)
 Metaspace       used 6986K, capacity 7608K, committed 7936K, reserved 1056768K
  class space    used 639K, capacity 688K, committed 768K, reserved 1048576K
Event: 45.609 GC heap after
Heap after GC invocations=18 (full 3):
 PSYoungGen      total 644608K, used 80767K [0x000000076ab00000, 0x00000007a0100000, 0x00000007c0000000)
  eden space 511488K, 0% used [0x000000076ab00000,0x000000076ab00000,0x0000000789e80000)
  from space 133120K, 60% used [0x0000000789e80000,0x000000078ed5ff98,0x0000000792080000)
  to   space 136704K, 0% used [0x0000000797b80000,0x0000000797b80000,0x00000007a0100000)
 ParOldGen       total 478720K, used 359448K [0x00000006c0000000, 0x00000006dd380000, 0x000000076ab00000)
  object space 478720K, 75% used [0x00000006c0000000,0x00000006d5f06020,0x00000006dd380000)
 Metaspace       used 6986K, capacity 7608K, committed 7936K, reserved 1056768K
  class space    used 639K, capacity 688K, committed 768K, reserved 1048576K
}

Deoptimization events (10 events):
Event: 36.920 Thread 0x00007fc8071d8800 Uncommon trap: reason=class_check action=maybe_recompile pc=0x0000000109a6b8a0 method=java.util.Arrays.hashCode([Ljava/lang/Object;)I @ 43
Event: 36.920 Thread 0x00007fc8071d8800 Uncommon trap: reason=class_check action=maybe_recompile pc=0x0000000109a6a974 method=java.util.Arrays.hashCode([Ljava/lang/Object;)I @ 43
Event: 38.516 Thread 0x00007fc8071d8800 Uncommon trap: reason=unstable_if action=reinterpret pc=0x000000010a0d70b4 method=com.android.dx.dex.code.OutputFinisher.addConstants(Ljava/util/HashSet;Lcom/android/dx/rop/code/RegisterSpec;)V @ 57
Event: 41.952 Thread 0x00007fc8071d8800 Uncommon trap: reason=class_check action=maybe_recompile pc=0x0000000109ae2924 method=java.util.Arrays.equals([Ljava/lang/Object;[Ljava/lang/Object;)Z @ 62
Event: 41.952 Thread 0x00007fc8071d8800 Uncommon trap: reason=class_check action=maybe_recompile pc=0x0000000109ae2924 method=java.util.Arrays.equals([Ljava/lang/Object;[Ljava/lang/Object;)Z @ 62
Event: 41.952 Thread 0x00007fc8071d8800 Uncommon trap: reason=class_check action=maybe_recompile pc=0x0000000109ae2924 method=java.util.Arrays.equals([Ljava/lang/Object;[Ljava/lang/Object;)Z @ 62
Event: 41.952 Thread 0x00007fc8071d8800 Uncommon trap: reason=class_check action=maybe_recompile pc=0x0000000109ae2924 method=java.util.Arrays.equals([Ljava/lang/Object;[Ljava/lang/Object;)Z @ 62
Event: 41.953 Thread 0x00007fc8071d8800 Uncommon trap: reason=unstable_if action=reinterpret pc=0x0000000109f957e0 method=java.util.TreeMap.put(Ljava/lang/Object;Ljava/lang/Object;)Ljava/lang/Object; @ 163
Event: 41.989 Thread 0x00007fc8071d8800 Uncommon trap: reason=unstable_if action=reinterpret pc=0x0000000109e77d00 method=com.android.dx.rop.code.RegisterSpecSet.equals(Ljava/lang/Object;)Z @ 30
Event: 42.768 Thread 0x00007fc8071d8800 Uncommon trap: reason=unstable_if action=reinterpret pc=0x000000010a1c0ba8 method=com.android.dx.dex.code.LocalList$MakeState.filterSpec(Lcom/android/dx/rop/code/RegisterSpec;)Lcom/android/dx/rop/code/RegisterSpec; @ 11

Internal exceptions (7 events):
Event: 0.050 Thread 0x00007fc805006800 Exception <a 'java/lang/NoSuchMethodError': Method sun.misc.Unsafe.defineClass(Ljava/lang/String;[BII)Ljava/lang/Class; name or signature does not match> (0x000000076ab07cc0) thrown at [/Users/java_re/workspace/8-2-build-macosx-x86_64/jdk8u92/6642/hotspot
Event: 0.050 Thread 0x00007fc805006800 Exception <a 'java/lang/NoSuchMethodError': Method sun.misc.Unsafe.prefetchRead(Ljava/lang/Object;J)V name or signature does not match> (0x000000076ab07fa8) thrown at [/Users/java_re/workspace/8-2-build-macosx-x86_64/jdk8u92/6642/hotspot/src/share/vm/prim
Event: 1.850 Thread 0x00007fc805006800 Implicit null exception at 0x00000001098d382f to 0x00000001098d64e1
Event: 2.047 Thread 0x00007fc805146000 Implicit null exception at 0x0000000109889115 to 0x000000010988b7e9
Event: 2.200 Thread 0x00007fc8060a6800 Exception <a 'java/lang/ArrayIndexOutOfBoundsException': 18> (0x000000076d182340) thrown at [/Users/java_re/workspace/8-2-build-macosx-x86_64/jdk8u92/6642/hotspot/src/share/vm/interpreter/interpreterRuntime.cpp, line 366]
Event: 2.201 Thread 0x00007fc8060a6800 Exception <a 'java/lang/ArrayIndexOutOfBoundsException': 145> (0x000000076d183ec0) thrown at [/Users/java_re/workspace/8-2-build-macosx-x86_64/jdk8u92/6642/hotspot/src/share/vm/interpreter/interpreterRuntime.cpp, line 366]
Event: 2.202 Thread 0x00007fc8060a6800 Exception <a 'java/lang/ArrayIndexOutOfBoundsException': 40> (0x000000076d1851a8) thrown at [/Users/java_re/workspace/8-2-build-macosx-x86_64/jdk8u92/6642/hotspot/src/share/vm/interpreter/interpreterRuntime.cpp, line 366]

Events (10 events):
Event: 48.101 Thread 0x00007fc8071d8800 DEOPT PACKING pc=0x000000010a18cd53 sp=0x0000700003f96180
Event: 48.101 Thread 0x00007fc8071d8800 DEOPT UNPACKING pc=0x000000010959d633 sp=0x0000700003f95ef0 mode 0
Event: 48.113 Thread 0x00007fc8071d8800 DEOPT PACKING pc=0x000000010a18cd53 sp=0x0000700003f96030
Event: 48.113 Thread 0x00007fc8071d8800 DEOPT UNPACKING pc=0x000000010959d633 sp=0x0000700003f95da0 mode 0
Event: 48.127 Thread 0x00007fc8071d8800 DEOPT PACKING pc=0x000000010a18cd53 sp=0x0000700003f96030
Event: 48.127 Thread 0x00007fc8071d8800 DEOPT UNPACKING pc=0x000000010959d633 sp=0x0000700003f95da0 mode 0
Event: 48.136 Thread 0x00007fc8071d8800 DEOPT PACKING pc=0x000000010a18cd53 sp=0x0000700003f96180
Event: 48.136 Thread 0x00007fc8071d8800 DEOPT UNPACKING pc=0x000000010959d633 sp=0x0000700003f95ef0 mode 0
Event: 49.757 loading class com/android/dx/dex/file/DebugInfoEncoder
Event: 49.757 loading class com/android/dx/dex/file/DebugInfoEncoder done


Dynamic libraries:
0x0000000037b45000 	/System/Library/Frameworks/Cocoa.framework/Versions/A/Cocoa
0x0000000037b45000 	/System/Library/Frameworks/Security.framework/Versions/A/Security
0x0000000037b45000 	/System/Library/Frameworks/ApplicationServices.framework/Versions/A/ApplicationServices
0x0000000037b45000 	/usr/lib/libz.1.dylib
0x0000000037b45000 	/usr/lib/libSystem.B.dylib
0x0000000037b45000 	/usr/lib/libobjc.A.dylib
0x0000000037b45000 	/System/Library/Frameworks/CoreFoundation.framework/Versions/A/CoreFoundation
0x0000000037b45000 	/System/Library/Frameworks/Foundation.framework/Versions/C/Foundation
0x0000000037b45000 	/System/Library/Frameworks/AppKit.framework/Versions/C/AppKit
0x0000000037b45000 	/System/Library/Frameworks/CoreData.framework/Versions/A/CoreData
0x0000000037b45000 	/System/Library/PrivateFrameworks/RemoteViewServices.framework/Versions/A/RemoteViewServices
0x0000000037b45000 	/System/Library/PrivateFrameworks/UIFoundation.framework/Versions/A/UIFoundation
0x0000000037b45000 	/usr/lib/libenergytrace.dylib
0x0000000037b45000 	/System/Library/PrivateFrameworks/SkyLight.framework/Versions/A/SkyLight
0x0000000037b45000 	/System/Library/Frameworks/CoreGraphics.framework/Versions/A/CoreGraphics
0x0000000037b45000 	/usr/lib/libScreenReader.dylib
0x0000000037b45000 	/System/Library/Frameworks/Accelerate.framework/Versions/A/Accelerate
0x0000000037b45000 	/System/Library/Frameworks/IOSurface.framework/Versions/A/IOSurface
0x0000000037b45000 	/System/Library/Frameworks/AudioToolbox.framework/Versions/A/AudioToolbox
0x0000000037b45000 	/System/Library/Frameworks/AudioUnit.framework/Versions/A/AudioUnit
0x0000000037b45000 	/System/Library/PrivateFrameworks/DataDetectorsCore.framework/Versions/A/DataDetectorsCore
0x0000000037b45000 	/System/Library/PrivateFrameworks/DesktopServicesPriv.framework/Versions/A/DesktopServicesPriv
0x0000000037b45000 	/System/Library/Frameworks/Carbon.framework/Versions/A/Frameworks/HIToolbox.framework/Versions/A/HIToolbox
0x0000000037b45000 	/usr/lib/libicucore.A.dylib
0x0000000037b45000 	/System/Library/Frameworks/QuartzCore.framework/Versions/A/QuartzCore
0x0000000037b45000 	/System/Library/Frameworks/Carbon.framework/Versions/A/Frameworks/SpeechRecognition.framework/Versions/A/SpeechRecognition
0x0000000037b45000 	/usr/lib/libauto.dylib
0x0000000037b45000 	/usr/lib/libxml2.2.dylib
0x0000000037b45000 	/System/Library/PrivateFrameworks/CoreUI.framework/Versions/A/CoreUI
0x0000000037b45000 	/System/Library/Frameworks/CoreAudio.framework/Versions/A/CoreAudio
0x0000000037b45000 	/System/Library/Frameworks/DiskArbitration.framework/Versions/A/DiskArbitration
0x0000000037b45000 	/usr/lib/liblangid.dylib
0x0000000037b45000 	/System/Library/PrivateFrameworks/MultitouchSupport.framework/Versions/A/MultitouchSupport
0x0000000037b45000 	/System/Library/Frameworks/IOKit.framework/Versions/A/IOKit
0x0000000037b45000 	/usr/lib/libDiagnosticMessagesClient.dylib
0x0000000037b45000 	/System/Library/Frameworks/CoreServices.framework/Versions/A/CoreServices
0x0000000037b45000 	/System/Library/PrivateFrameworks/PerformanceAnalysis.framework/Versions/A/PerformanceAnalysis
0x0000000037b45000 	/System/Library/PrivateFrameworks/GenerationalStorage.framework/Versions/A/GenerationalStorage
0x0000000037b45000 	/System/Library/Frameworks/OpenGL.framework/Versions/A/OpenGL
0x0000000037b45000 	/System/Library/Frameworks/CoreImage.framework/Versions/A/CoreImage
0x0000000037b45000 	/System/Library/Frameworks/CoreText.framework/Versions/A/CoreText
0x0000000037b45000 	/System/Library/Frameworks/ImageIO.framework/Versions/A/ImageIO
0x0000000037b45000 	/System/Library/PrivateFrameworks/Backup.framework/Versions/A/Backup
0x0000000037b45000 	/usr/lib/libarchive.2.dylib
0x0000000037b45000 	/System/Library/Frameworks/CFNetwork.framework/Versions/A/CFNetwork
0x0000000037b45000 	/System/Library/Frameworks/SystemConfiguration.framework/Versions/A/SystemConfiguration
0x0000000037b45000 	/usr/lib/libCRFSuite.dylib
0x0000000037b45000 	/usr/lib/libc++.1.dylib
0x0000000037b45000 	/usr/lib/libc++abi.dylib
0x0000000037b45000 	/usr/lib/system/libcache.dylib
0x0000000037b45000 	/usr/lib/system/libcommonCrypto.dylib
0x0000000037b45000 	/usr/lib/system/libcompiler_rt.dylib
0x0000000037b45000 	/usr/lib/system/libcopyfile.dylib
0x0000000037b45000 	/usr/lib/system/libcorecrypto.dylib
0x0000000037b45000 	/usr/lib/system/libdispatch.dylib
0x0000000037b45000 	/usr/lib/system/libdyld.dylib
0x0000000037b45000 	/usr/lib/system/libkeymgr.dylib
0x0000000037b45000 	/usr/lib/system/liblaunch.dylib
0x0000000037b45000 	/usr/lib/system/libmacho.dylib
0x0000000037b45000 	/usr/lib/system/libquarantine.dylib
0x0000000037b45000 	/usr/lib/system/libremovefile.dylib
0x0000000037b45000 	/usr/lib/system/libsystem_asl.dylib
0x0000000037b45000 	/usr/lib/system/libsystem_blocks.dylib
0x0000000037b45000 	/usr/lib/system/libsystem_c.dylib
0x0000000037b45000 	/usr/lib/system/libsystem_configuration.dylib
0x0000000037b45000 	/usr/lib/system/libsystem_coreservices.dylib
0x0000000037b45000 	/usr/lib/system/libsystem_coretls.dylib
0x0000000037b45000 	/usr/lib/system/libsystem_dnssd.dylib
0x0000000037b45000 	/usr/lib/system/libsystem_info.dylib
0x0000000037b45000 	/usr/lib/system/libsystem_kernel.dylib
0x0000000037b45000 	/usr/lib/system/libsystem_m.dylib
0x0000000037b45000 	/usr/lib/system/libsystem_malloc.dylib
0x0000000037b45000 	/usr/lib/system/libsystem_network.dylib
0x0000000037b45000 	/usr/lib/system/libsystem_networkextension.dylib
0x0000000037b45000 	/usr/lib/system/libsystem_notify.dylib
0x0000000037b45000 	/usr/lib/system/libsystem_platform.dylib
0x0000000037b45000 	/usr/lib/system/libsystem_pthread.dylib
0x0000000037b45000 	/usr/lib/system/libsystem_sandbox.dylib
0x0000000037b45000 	/usr/lib/system/libsystem_secinit.dylib
0x0000000037b45000 	/usr/lib/system/libsystem_symptoms.dylib
0x0000000037b45000 	/usr/lib/system/libsystem_trace.dylib
0x0000000037b45000 	/usr/lib/system/libunwind.dylib
0x0000000037b45000 	/usr/lib/system/libxpc.dylib
0x0000000037b45000 	/usr/lib/libbsm.0.dylib
0x0000000037b45000 	/usr/lib/system/libkxld.dylib
0x0000000037b45000 	/usr/lib/libcoretls.dylib
0x0000000037b45000 	/usr/lib/libcoretls_cfhelpers.dylib
0x0000000037b45000 	/usr/lib/libxar.1.dylib
0x0000000037b45000 	/usr/lib/libsqlite3.dylib
0x0000000037b45000 	/usr/lib/libpam.2.dylib
0x0000000037b45000 	/usr/lib/libOpenScriptingUtil.dylib
0x0000000037b45000 	/usr/lib/libbz2.1.0.dylib
0x0000000037b45000 	/usr/lib/liblzma.5.dylib
0x0000000037b45000 	/usr/lib/libnetwork.dylib
0x0000000037b45000 	/usr/lib/libpcap.A.dylib
0x0000000037b45000 	/System/Library/Frameworks/CoreServices.framework/Versions/A/Frameworks/FSEvents.framework/Versions/A/FSEvents
0x0000000037b45000 	/System/Library/Frameworks/CoreServices.framework/Versions/A/Frameworks/CarbonCore.framework/Versions/A/CarbonCore
0x0000000037b45000 	/System/Library/Frameworks/CoreServices.framework/Versions/A/Frameworks/Metadata.framework/Versions/A/Metadata
0x0000000037b45000 	/System/Library/Frameworks/CoreServices.framework/Versions/A/Frameworks/OSServices.framework/Versions/A/OSServices
0x0000000037b45000 	/System/Library/Frameworks/CoreServices.framework/Versions/A/Frameworks/SearchKit.framework/Versions/A/SearchKit
0x0000000037b45000 	/System/Library/Frameworks/CoreServices.framework/Versions/A/Frameworks/AE.framework/Versions/A/AE
0x0000000037b45000 	/System/Library/Frameworks/CoreServices.framework/Versions/A/Frameworks/LaunchServices.framework/Versions/A/LaunchServices
0x0000000037b45000 	/System/Library/Frameworks/CoreServices.framework/Versions/A/Frameworks/DictionaryServices.framework/Versions/A/DictionaryServices
0x0000000037b45000 	/System/Library/Frameworks/CoreServices.framework/Versions/A/Frameworks/SharedFileList.framework/Versions/A/SharedFileList
0x0000000037b45000 	/System/Library/Frameworks/NetFS.framework/Versions/A/NetFS
0x0000000037b45000 	/System/Library/PrivateFrameworks/NetAuth.framework/Versions/A/NetAuth
0x0000000037b45000 	/System/Library/PrivateFrameworks/login.framework/Versions/A/Frameworks/loginsupport.framework/Versions/A/loginsupport
0x0000000037b45000 	/System/Library/PrivateFrameworks/TCC.framework/Versions/A/TCC
0x0000000037b45000 	/usr/lib/libmecabra.dylib
0x0000000037b45000 	/System/Library/Frameworks/ApplicationServices.framework/Versions/A/Frameworks/ATS.framework/Versions/A/ATS
0x0000000037b45000 	/System/Library/Frameworks/ApplicationServices.framework/Versions/A/Frameworks/ColorSync.framework/Versions/A/ColorSync
0x0000000037b45000 	/System/Library/Frameworks/ApplicationServices.framework/Versions/A/Frameworks/HIServices.framework/Versions/A/HIServices
0x0000000037b45000 	/System/Library/Frameworks/ApplicationServices.framework/Versions/A/Frameworks/LangAnalysis.framework/Versions/A/LangAnalysis
0x0000000037b45000 	/System/Library/Frameworks/ApplicationServices.framework/Versions/A/Frameworks/PrintCore.framework/Versions/A/PrintCore
0x0000000037b45000 	/System/Library/Frameworks/ApplicationServices.framework/Versions/A/Frameworks/QD.framework/Versions/A/QD
0x0000000037b45000 	/System/Library/Frameworks/ApplicationServices.framework/Versions/A/Frameworks/SpeechSynthesis.framework/Versions/A/SpeechSynthesis
0x0000000037b45000 	/System/Library/Frameworks/Accelerate.framework/Versions/A/Frameworks/vImage.framework/Versions/A/vImage
0x0000000037b45000 	/System/Library/Frameworks/Accelerate.framework/Versions/A/Frameworks/vecLib.framework/Versions/A/vecLib
0x0000000037b45000 	/System/Library/Frameworks/Accelerate.framework/Versions/A/Frameworks/vecLib.framework/Versions/A/libvDSP.dylib
0x0000000037b45000 	/System/Library/Frameworks/Accelerate.framework/Versions/A/Frameworks/vecLib.framework/Versions/A/libBNNS.dylib
0x0000000037b45000 	/System/Library/Frameworks/Accelerate.framework/Versions/A/Frameworks/vecLib.framework/Versions/A/libQuadrature.dylib
0x0000000037b45000 	/System/Library/Frameworks/Accelerate.framework/Versions/A/Frameworks/vecLib.framework/Versions/A/libvMisc.dylib
0x0000000037b45000 	/System/Library/Frameworks/Accelerate.framework/Versions/A/Frameworks/vecLib.framework/Versions/A/libLAPACK.dylib
0x0000000037b45000 	/System/Library/Frameworks/Accelerate.framework/Versions/A/Frameworks/vecLib.framework/Versions/A/libBLAS.dylib
0x0000000037b45000 	/System/Library/Frameworks/Accelerate.framework/Versions/A/Frameworks/vecLib.framework/Versions/A/libLinearAlgebra.dylib
0x0000000037b45000 	/System/Library/Frameworks/Accelerate.framework/Versions/A/Frameworks/vecLib.framework/Versions/A/libSparseBLAS.dylib
0x0000000037b45000 	/System/Library/Frameworks/ApplicationServices.framework/Versions/A/Frameworks/ATS.framework/Versions/A/Resources/libFontParser.dylib
0x0000000037b45000 	/System/Library/Frameworks/ApplicationServices.framework/Versions/A/Frameworks/ATS.framework/Versions/A/Resources/libFontRegistry.dylib
0x0000000037b45000 	/System/Library/Frameworks/ImageIO.framework/Versions/A/Resources/libJPEG.dylib
0x0000000037b45000 	/System/Library/Frameworks/ImageIO.framework/Versions/A/Resources/libTIFF.dylib
0x0000000037b45000 	/System/Library/Frameworks/ImageIO.framework/Versions/A/Resources/libPng.dylib
0x0000000037b45000 	/System/Library/Frameworks/ImageIO.framework/Versions/A/Resources/libGIF.dylib
0x0000000037b45000 	/System/Library/Frameworks/ImageIO.framework/Versions/A/Resources/libJP2.dylib
0x0000000037b45000 	/System/Library/Frameworks/ImageIO.framework/Versions/A/Resources/libRadiance.dylib
0x0000000037b45000 	/usr/lib/libcompression.dylib
0x0000000037b45000 	/System/Library/PrivateFrameworks/AppleJPEG.framework/Versions/A/AppleJPEG
0x0000000037b45000 	/usr/lib/libcups.2.dylib
0x0000000037b45000 	/System/Library/Frameworks/Kerberos.framework/Versions/A/Kerberos
0x0000000037b45000 	/System/Library/Frameworks/GSS.framework/Versions/A/GSS
0x0000000037b45000 	/usr/lib/libresolv.9.dylib
0x0000000037b45000 	/usr/lib/libiconv.2.dylib
0x0000000037b45000 	/System/Library/PrivateFrameworks/Heimdal.framework/Versions/A/Heimdal
0x0000000037b45000 	/usr/lib/libheimdal-asn1.dylib
0x0000000037b45000 	/System/Library/Frameworks/OpenDirectory.framework/Versions/A/OpenDirectory
0x0000000037b45000 	/System/Library/PrivateFrameworks/CommonAuth.framework/Versions/A/CommonAuth
0x0000000037b45000 	/System/Library/Frameworks/OpenDirectory.framework/Versions/A/Frameworks/CFOpenDirectory.framework/Versions/A/CFOpenDirectory
0x0000000037b45000 	/System/Library/Frameworks/SecurityFoundation.framework/Versions/A/SecurityFoundation
0x0000000037b45000 	/System/Library/PrivateFrameworks/LanguageModeling.framework/Versions/A/LanguageModeling
0x0000000037b45000 	/usr/lib/libmarisa.dylib
0x0000000037b45000 	/usr/lib/libChineseTokenizer.dylib
0x0000000037b45000 	/usr/lib/libcmph.dylib
0x0000000037b45000 	/System/Library/PrivateFrameworks/CoreEmoji.framework/Versions/A/CoreEmoji
0x0000000037b45000 	/System/Library/Frameworks/ServiceManagement.framework/Versions/A/ServiceManagement
0x0000000037b45000 	/usr/lib/libxslt.1.dylib
0x0000000037b45000 	/System/Library/Frameworks/Carbon.framework/Versions/A/Frameworks/Ink.framework/Versions/A/Ink
0x0000000037b45000 	/System/Library/PrivateFrameworks/TextureIO.framework/Versions/A/TextureIO
0x0000000037b45000 	/System/Library/Frameworks/Metal.framework/Versions/A/Metal
0x0000000037b45000 	/usr/lib/libate.dylib
0x0000000037b45000 	/System/Library/PrivateFrameworks/GPUCompiler.framework/libmetal_timestamp.dylib
0x0000000037b45000 	/System/Library/Frameworks/OpenGL.framework/Versions/A/Libraries/libCoreFSCache.dylib
0x0000000037b45000 	/System/Library/PrivateFrameworks/IOAccelerator.framework/Versions/A/IOAccelerator
0x0000000037b45000 	/System/Library/Frameworks/CoreVideo.framework/Versions/A/CoreVideo
0x0000000037b45000 	/usr/lib/libFosl_dynamic.dylib
0x0000000037b45000 	/System/Library/PrivateFrameworks/MetalPerformanceShaders.framework/Versions/A/MetalPerformanceShaders
0x0000000037b45000 	/System/Library/PrivateFrameworks/FaceCore.framework/Versions/A/FaceCore
0x0000000037b45000 	/System/Library/Frameworks/OpenCL.framework/Versions/A/OpenCL
0x0000000037b45000 	/System/Library/Frameworks/OpenGL.framework/Versions/A/Libraries/libGLU.dylib
0x0000000037b45000 	/System/Library/Frameworks/OpenGL.framework/Versions/A/Libraries/libGFXShared.dylib
0x0000000037b45000 	/System/Library/Frameworks/OpenGL.framework/Versions/A/Libraries/libGL.dylib
0x0000000037b45000 	/System/Library/Frameworks/OpenGL.framework/Versions/A/Libraries/libGLImage.dylib
0x0000000037b45000 	/System/Library/Frameworks/OpenGL.framework/Versions/A/Libraries/libCVMSPluginSupport.dylib
0x0000000037b45000 	/System/Library/Frameworks/OpenGL.framework/Versions/A/Libraries/libCoreVMClient.dylib
0x0000000037b45000 	/System/Library/PrivateFrameworks/CrashReporterSupport.framework/Versions/A/CrashReporterSupport
0x0000000037b45000 	/System/Library/PrivateFrameworks/Sharing.framework/Versions/A/Sharing
0x0000000037b45000 	/System/Library/PrivateFrameworks/IconServices.framework/Versions/A/IconServices
0x0000000037b45000 	/System/Library/PrivateFrameworks/ProtocolBuffer.framework/Versions/A/ProtocolBuffer
0x0000000037b45000 	/System/Library/PrivateFrameworks/Apple80211.framework/Versions/A/Apple80211
0x0000000037b45000 	/System/Library/Frameworks/CoreWLAN.framework/Versions/A/CoreWLAN
0x0000000037b45000 	/System/Library/PrivateFrameworks/CoreUtils.framework/Versions/A/CoreUtils
0x0000000037b45000 	/System/Library/Frameworks/IOBluetooth.framework/Versions/A/IOBluetooth
0x0000000037b45000 	/System/Library/PrivateFrameworks/CoreWiFi.framework/Versions/A/CoreWiFi
0x0000000037b45000 	/System/Library/Frameworks/CoreBluetooth.framework/Versions/A/CoreBluetooth
0x0000000037b45000 	/System/Library/Frameworks/CoreDisplay.framework/Versions/A/CoreDisplay
0x0000000037b45000 	/System/Library/PrivateFrameworks/IOPresentment.framework/Versions/A/IOPresentment
0x0000000037b45000 	/System/Library/PrivateFrameworks/DebugSymbols.framework/Versions/A/DebugSymbols
0x0000000037b45000 	/System/Library/PrivateFrameworks/CoreSymbolication.framework/Versions/A/CoreSymbolication
0x0000000037b45000 	/System/Library/PrivateFrameworks/Symbolication.framework/Versions/A/Symbolication
0x0000000037b45000 	/System/Library/PrivateFrameworks/AppleFSCompression.framework/Versions/A/AppleFSCompression
0x0000000037b45000 	/System/Library/PrivateFrameworks/SpeechRecognitionCore.framework/Versions/A/SpeechRecognitionCore
0x0000000037b45000 	/System/Library/PrivateFrameworks/ChunkingLibrary.framework/Versions/A/ChunkingLibrary
0x0000000105200000 	/Library/Java/JavaVirtualMachines/jdk1.8.0_92.jdk/Contents/Home/jre/lib/server/libjvm.dylib
0x0000000037b45000 	/usr/lib/libstdc++.6.dylib
0x000000010480f000 	/Library/Java/JavaVirtualMachines/jdk1.8.0_92.jdk/Contents/Home/jre/lib/libverify.dylib
0x000000010481d000 	/Library/Java/JavaVirtualMachines/jdk1.8.0_92.jdk/Contents/Home/jre/lib/libjava.dylib
0x000000010485c000 	/Library/Java/JavaVirtualMachines/jdk1.8.0_92.jdk/Contents/Home/jre/lib/libzip.dylib
0x0000000109432000 	/System/Library/Frameworks/JavaVM.framework/Frameworks/JavaRuntimeSupport.framework/JavaRuntimeSupport
0x000000010944c000 	/System/Library/Frameworks/JavaVM.framework/Versions/A/Frameworks/JavaNativeFoundation.framework/Versions/A/JavaNativeFoundation
0x0000000109461000 	/System/Library/Frameworks/JavaVM.framework/Versions/A/JavaVM
0x0000000037b45000 	/System/Library/Frameworks/Carbon.framework/Versions/A/Carbon
0x000000010946e000 	/System/Library/PrivateFrameworks/JavaLaunching.framework/Versions/A/JavaLaunching
0x0000000037b45000 	/System/Library/Frameworks/Carbon.framework/Versions/A/Frameworks/CommonPanels.framework/Versions/A/CommonPanels
0x0000000037b45000 	/System/Library/Frameworks/Carbon.framework/Versions/A/Frameworks/Help.framework/Versions/A/Help
0x0000000037b45000 	/System/Library/Frameworks/Carbon.framework/Versions/A/Frameworks/ImageCapture.framework/Versions/A/ImageCapture
0x0000000037b45000 	/System/Library/Frameworks/Carbon.framework/Versions/A/Frameworks/OpenScripting.framework/Versions/A/OpenScripting
0x0000000037b45000 	/System/Library/Frameworks/Carbon.framework/Versions/A/Frameworks/Print.framework/Versions/A/Print
0x0000000037b45000 	/System/Library/Frameworks/Carbon.framework/Versions/A/Frameworks/SecurityHI.framework/Versions/A/SecurityHI

VM Arguments:
jvm_args: -Djava.awt.headless=true -Xmx4g -Dfile.encoding=UTF-8 -Duser.country=US -Duser.language=en -Duser.variant 
java_command: com.android.dx.command.Main --dex --num-threads=4 --multi-dex --main-dex-list /Users/andrewcameron/Desktop/Tdesign/app/build/intermediates/multi-dex/debug/maindexlist.txt --output /Users/andrewcameron/Desktop/Tdesign/app/build/intermediates/transforms/dex/debug/folders/1000/1f/main /Users/andrewcameron/Desktop/Tdesign/app/build/intermediates/transforms/jarMerging/debug/jars/1/1f/combined.jar
java_class_path (initial): /Volumes/MediSwitch/Android_Studio_Install/sdk/build-tools/24.0.3/lib/dx.jar
Launcher Type: SUN_STANDARD

Environment Variables:
PATH=/usr/bin:/bin:/usr/sbin:/sbin
SHELL=/bin/bash
DISPLAY=/private/tmp/com.apple.launchd.2MeB4HPFs7/org.macosforge.xquartz:0

Signal Handlers:
SIGSEGV: [libjvm.dylib+0x5aa779], sa_mask[0]=11111111011111110111111111111111, sa_flags=SA_ONSTACK|SA_RESTART|SA_SIGINFO
SIGBUS: [libjvm.dylib+0x5aa779], sa_mask[0]=11111111011111110111111111111111, sa_flags=SA_RESTART|SA_SIGINFO
SIGFPE: [libjvm.dylib+0x4831d0], sa_mask[0]=11111111011111110111111111111111, sa_flags=SA_RESTART|SA_SIGINFO
SIGPIPE: [libjvm.dylib+0x4831d0], sa_mask[0]=11111111011111110111111111111111, sa_flags=SA_RESTART|SA_SIGINFO
SIGXFSZ: [libjvm.dylib+0x4831d0], sa_mask[0]=11111111011111110111111111111111, sa_flags=SA_RESTART|SA_SIGINFO
SIGILL: [libjvm.dylib+0x4831d0], sa_mask[0]=11111111011111110111111111111111, sa_flags=SA_RESTART|SA_SIGINFO
SIGUSR1: SIG_DFL, sa_mask[0]=00000000000000000000000000000000, sa_flags=none
SIGUSR2: [libjvm.dylib+0x482cee], sa_mask[0]=00100000000000000000000000000000, sa_flags=SA_RESTART|SA_SIGINFO
SIGHUP: [libjvm.dylib+0x4812c5], sa_mask[0]=11111111011111110111111111111111, sa_flags=SA_RESTART|SA_SIGINFO
SIGINT: [libjvm.dylib+0x4812c5], sa_mask[0]=11111111011111110111111111111111, sa_flags=SA_RESTART|SA_SIGINFO
SIGTERM: [libjvm.dylib+0x4812c5], sa_mask[0]=11111111011111110111111111111111, sa_flags=SA_RESTART|SA_SIGINFO
SIGQUIT: [libjvm.dylib+0x4812c5], sa_mask[0]=11111111011111110111111111111111, sa_flags=SA_RESTART|SA_SIGINFO


---------------  S Y S T E M  ---------------

OS:Bsduname:Darwin 16.1.0 Darwin Kernel Version 16.1.0: Thu Oct 13 21:26:57 PDT 2016; root:xnu-3789.21.3~60/RELEASE_X86_64 x86_64
rlimit: STACK 8192k, CORE 0k, NPROC 709, NOFILE 10240, AS infinity
load average:19.61 6.88 3.97

CPU:total 4 (2 cores per cpu, 2 threads per core) family 6 model 69 stepping 1, cmov, cx8, fxsr, mmx, sse, sse2, sse3, ssse3, sse4.1, sse4.2, popcnt, avx, avx2, aes, clmul, erms, lzcnt, ht, tsc, tscinvbit, bmi1, bmi2

Memory: 4k page, physical 8388608k(38044k free)

/proc/meminfo:


vm_info: Java HotSpot(TM) 64-Bit Server VM (25.92-b14) for bsd-amd64 JRE (1.8.0_92-b14), built on Mar 31 2016 21:23:14 by "java_re" with gcc 4.2.1 (Based on Apple Inc. build 5658) (LLVM build 2336.11.00)

time: Mon Dec 19 09:06:53 2016
elapsed time: 49 seconds (0d 0h 0m 49s)

